<?xml version="1.0" encoding="UTF-8"?>
<!-- Generated by org.testng.reporters.JUnitXMLReporter -->
<testsuite ignored="0" hostname="DESKTOP-4209JO9" failures="1" tests="2" name="Errorvalidation" time="11.397" errors="0" timestamp="2025-08-29T05:10:45 IST">
  <testcase classname="rahul.Tests.Errorvalidation" name="Submitorder" time="1.419">
    <skipped/>
  </testcase> <!-- Submitorder -->
  <testcase classname="rahul.Tests.Errorvalidation" name="Submitorder" time="1.419">
    <failure type="java.lang.AssertionError" message="expected [Login Successfully] but found [Incorrect email password]">
      <![CDATA[java.lang.AssertionError: expected [Login Successfully] but found [Incorrect email password]
at rahul.Tests.Errorvalidation.Submitorder(Errorvalidation.java:23)
at java.base/java.util.ArrayList.forEach(ArrayList.java:1596)
... Removed 31 stack frames]]>
    </failure>
  </testcase> <!-- Submitorder -->
</testsuite> <!-- Errorvalidation -->
