<?xml version="1.0" encoding="UTF-8"?>
<!-- Generated by org.testng.reporters.JUnitXMLReporter -->
<testsuite ignored="0" hostname="DESKTOP-4209JO9" failures="0" tests="3" name="Submitorder" time="33.782" errors="0" timestamp="2025-08-29T05:10:33 IST">
  <testcase classname="rahul.Tests.StandAloneorg" name="Submitorder" time="9.01"/>
  <testcase classname="rahul.Tests.StandAloneorg" name="Submitorder" time="8.815"/>
  <testcase classname="rahul.Tests.StandAloneorg" name="orderhistroy" time="1.429"/>
</testsuite> <!-- Submitorder -->
